<?xml version="1.0" encoding="UTF-8" ?>
<testsuite failures="0" time="4.374" errors="0" skipped="0" tests="2" name="com.argmaps.akka.redis.akka.specs.AkkaTestObjectServiceSpecTest">
  <properties>
    <property name="java.runtime.name" value="Java(TM) SE Runtime Environment"/>
    <property name="sun.boot.library.path" value="/System/Library/Frameworks/JavaVM.framework/Versions/1.6.0/Libraries"/>
    <property name="java.vm.version" value="16.3-b01-279"/>
    <property name="awt.nativeDoubleBuffering" value="true"/>
    <property name="gopherProxySet" value="false"/>
    <property name="mrj.build" value="10M3065"/>
    <property name="java.vm.vendor" value="Apple Inc."/>
    <property name="java.vendor.url" value="http://www.apple.com/"/>
    <property name="path.separator" value=":"/>
    <property name="java.vm.name" value="Java HotSpot(TM) 64-Bit Server VM"/>
    <property name="file.encoding.pkg" value="sun.io"/>
    <property name="user.country" value="US"/>
    <property name="sun.java.launcher" value="SUN_STANDARD"/>
    <property name="sun.os.patch.level" value="unknown"/>
    <property name="java.vm.specification.name" value="Java Virtual Machine Specification"/>
    <property name="user.dir" value="/opt/local/src/svn/scala/template-akka-persistence-redis"/>
    <property name="java.runtime.version" value="1.6.0_20-b02-279-10M3065"/>
    <property name="java.awt.graphicsenv" value="apple.awt.CGraphicsEnvironment"/>
    <property name="basedir" value="/opt/local/src/svn/scala/template-akka-persistence-redis"/>
    <property name="java.endorsed.dirs" value="/System/Library/Frameworks/JavaVM.framework/Versions/1.6.0/Home/lib/endorsed"/>
    <property name="os.arch" value="x86_64"/>
    <property name="surefire.real.class.path" value="/var/folders/gy/gyjECZCGGxKv3I3mRTmhB++++TI/-Tmp-/surefirebooter7402988560473701246.jar"/>
    <property name="java.io.tmpdir" value="/var/folders/gy/gyjECZCGGxKv3I3mRTmhB++++TI/-Tmp-/"/>
    <property name="line.separator" value="
"/>
    <property name="java.vm.specification.vendor" value="Sun Microsystems Inc."/>
    <property name="os.name" value="Mac OS X"/>
    <property name="sun.jnu.encoding" value="MacRoman"/>
    <property name="org.multiverse.api.GlobalStmInstance.factorymethod" value="org.multiverse.stms.alpha.AlphaStm.createFast"/>
    <property name="java.library.path" value="/opt/local/src/guile/current/lib:/opt/local/src/oracle/current/lib::.:/Library/Java/Extensions:/System/Library/Java/Extensions:/usr/lib/java"/>
    <property name="surefire.test.class.path" value="/opt/local/src/svn/scala/template-akka-persistence-redis/target/test-classes:/opt/local/src/svn/scala/template-akka-persistence-redis/target/classes:/Users/amilkowski/.m2/repository/org/scala-lang/scala-library/2.8.0/scala-library-2.8.0.jar:/Users/amilkowski/.m2/repository/org/scala-tools/testing/specs_2.8.0.RC7/1.6.5-SNAPSHOT/specs_2.8.0.RC7-1.6.5-SNAPSHOT.jar:/Users/amilkowski/.m2/repository/org/scalatest/scalatest/1.2/scalatest-1.2.jar:/Users/amilkowski/.m2/repository/org/scala-tools/testing/scalacheck_2.8.0/1.7/scalacheck_2.8.0-1.7.jar:/Users/amilkowski/.m2/repository/org/scala-tools/testing/test-interface/0.3/test-interface-0.3.jar:/Users/amilkowski/.m2/repository/se/scalablesolutions/akka-core_2.8.0/0.10/akka-core_2.8.0-0.10.jar:/Users/amilkowski/.m2/repository/se/scalablesolutions/akka-persistence-common_2.8.0/0.10/akka-persistence-common_2.8.0-0.10.jar:/Users/amilkowski/.m2/repository/se/scalablesolutions/akka-persistence-redis_2.8.0/0.10/akka-persistence-redis_2.8.0-0.10.jar:/Users/amilkowski/.m2/repository/net/liftweb/lift-common_2.8.0/2.0-scala280-SNAPSHOT/lift-common_2.8.0-2.0-scala280-SNAPSHOT.jar:/Users/amilkowski/.m2/repository/net/liftweb/lift-json_2.8.0/2.0-scala280-SNAPSHOT/lift-json_2.8.0-2.0-scala280-SNAPSHOT.jar:/Users/amilkowski/.m2/repository/net/liftweb/lift-util_2.8.0/2.0-scala280-SNAPSHOT/lift-util_2.8.0-2.0-scala280-SNAPSHOT.jar:/Users/amilkowski/.m2/repository/com/thoughtworks/paranamer/paranamer/2.0/paranamer-2.0.jar:/Users/amilkowski/.m2/repository/sjson/sjson/sjson_2.8.0/0.7-SNAPSHOT/sjson_2.8.0-0.7-SNAPSHOT.jar:/Users/amilkowski/.m2/repository/net/lag/configgy_2.8.0/1.5.4/configgy_2.8.0-1.5.4.jar:/Users/amilkowski/.m2/repository/org/multiverse/multiverse-alpha/0.6-SNAPSHOT/multiverse-alpha-0.6-SNAPSHOT.jar:/Users/amilkowski/.m2/repository/org/multiverse/multiverse-core/0.6-SNAPSHOT/multiverse-core-0.6-SNAPSHOT.jar:/Users/amilkowski/.m2/repository/org/multiverse/multiverse-instrumentation/0.6-SNAPSHOT/multiverse-instrumentation-0.6-SNAPSHOT.jar:/Users/amilkowski/.m2/repository/asm/asm/3.2/asm-3.2.jar:/Users/amilkowski/.m2/repository/asm/asm-tree/3.2/asm-tree-3.2.jar:/Users/amilkowski/.m2/repository/asm/asm-analysis/3.2/asm-analysis-3.2.jar:/Users/amilkowski/.m2/repository/asm/asm-commons/3.2/asm-commons-3.2.jar:/Users/amilkowski/.m2/repository/asm/asm-util/3.2/asm-util-3.2.jar:/Users/amilkowski/.m2/repository/asm/asm-all/3.2/asm-all-3.2.jar:/Users/amilkowski/.m2/repository/jsr166x/jsr166x/1.0/jsr166x-1.0.jar:/Users/amilkowski/.m2/repository/org/codehaus/aspectwerkz/aspectwerkz-nodeps-jdk5/2.2.1/aspectwerkz-nodeps-jdk5-2.2.1.jar:/Users/amilkowski/.m2/repository/org/apache/geronimo/specs/geronimo-jta_1.1_spec/1.1.1/geronimo-jta_1.1_spec-1.1.1.jar:/Users/amilkowski/.m2/repository/org/codehaus/aspectwerkz/aspectwerkz-jdk5/2.2.1/aspectwerkz-jdk5-2.2.1.jar:/Users/amilkowski/.m2/repository/org/jboss/netty/netty/3.2.1.Final/netty-3.2.1.Final.jar:/Users/amilkowski/.m2/repository/junit/junit/4.8.2/junit-4.8.2.jar:/Users/amilkowski/.m2/repository/org/slf4j/slf4j-api/1.6.1/slf4j-api-1.6.1.jar:/Users/amilkowski/.m2/repository/org/scala-lang/scala-compiler/2.8.0/scala-compiler-2.8.0.jar:"/>
    <property name="java.specification.name" value="Java Platform API Specification"/>
    <property name="java.class.version" value="50.0"/>
    <property name="sun.management.compiler" value="HotSpot 64-Bit Server Compiler"/>
    <property name="os.version" value="10.6.4"/>
    <property name="http.nonProxyHosts" value="local|*.local|169.254/16|*.169.254/16"/>
    <property name="user.home" value="/Users/amilkowski"/>
    <property name="user.timezone" value="America/New_York"/>
    <property name="java.awt.printerjob" value="apple.awt.CPrinterJob"/>
    <property name="java.specification.version" value="1.6"/>
    <property name="file.encoding" value="MacRoman"/>
    <property name="user.name" value="amilkowski"/>
    <property name="java.class.path" value="/opt/local/src/svn/scala/template-akka-persistence-redis/target/test-classes:/opt/local/src/svn/scala/template-akka-persistence-redis/target/classes:/Users/amilkowski/.m2/repository/org/scala-lang/scala-library/2.8.0/scala-library-2.8.0.jar:/Users/amilkowski/.m2/repository/org/scala-tools/testing/specs_2.8.0.RC7/1.6.5-SNAPSHOT/specs_2.8.0.RC7-1.6.5-SNAPSHOT.jar:/Users/amilkowski/.m2/repository/org/scalatest/scalatest/1.2/scalatest-1.2.jar:/Users/amilkowski/.m2/repository/org/scala-tools/testing/scalacheck_2.8.0/1.7/scalacheck_2.8.0-1.7.jar:/Users/amilkowski/.m2/repository/org/scala-tools/testing/test-interface/0.3/test-interface-0.3.jar:/Users/amilkowski/.m2/repository/se/scalablesolutions/akka-core_2.8.0/0.10/akka-core_2.8.0-0.10.jar:/Users/amilkowski/.m2/repository/se/scalablesolutions/akka-persistence-common_2.8.0/0.10/akka-persistence-common_2.8.0-0.10.jar:/Users/amilkowski/.m2/repository/se/scalablesolutions/akka-persistence-redis_2.8.0/0.10/akka-persistence-redis_2.8.0-0.10.jar:/Users/amilkowski/.m2/repository/net/liftweb/lift-common_2.8.0/2.0-scala280-SNAPSHOT/lift-common_2.8.0-2.0-scala280-SNAPSHOT.jar:/Users/amilkowski/.m2/repository/net/liftweb/lift-json_2.8.0/2.0-scala280-SNAPSHOT/lift-json_2.8.0-2.0-scala280-SNAPSHOT.jar:/Users/amilkowski/.m2/repository/net/liftweb/lift-util_2.8.0/2.0-scala280-SNAPSHOT/lift-util_2.8.0-2.0-scala280-SNAPSHOT.jar:/Users/amilkowski/.m2/repository/com/thoughtworks/paranamer/paranamer/2.0/paranamer-2.0.jar:/Users/amilkowski/.m2/repository/sjson/sjson/sjson_2.8.0/0.7-SNAPSHOT/sjson_2.8.0-0.7-SNAPSHOT.jar:/Users/amilkowski/.m2/repository/net/lag/configgy_2.8.0/1.5.4/configgy_2.8.0-1.5.4.jar:/Users/amilkowski/.m2/repository/org/multiverse/multiverse-alpha/0.6-SNAPSHOT/multiverse-alpha-0.6-SNAPSHOT.jar:/Users/amilkowski/.m2/repository/org/multiverse/multiverse-core/0.6-SNAPSHOT/multiverse-core-0.6-SNAPSHOT.jar:/Users/amilkowski/.m2/repository/org/multiverse/multiverse-instrumentation/0.6-SNAPSHOT/multiverse-instrumentation-0.6-SNAPSHOT.jar:/Users/amilkowski/.m2/repository/asm/asm/3.2/asm-3.2.jar:/Users/amilkowski/.m2/repository/asm/asm-tree/3.2/asm-tree-3.2.jar:/Users/amilkowski/.m2/repository/asm/asm-analysis/3.2/asm-analysis-3.2.jar:/Users/amilkowski/.m2/repository/asm/asm-commons/3.2/asm-commons-3.2.jar:/Users/amilkowski/.m2/repository/asm/asm-util/3.2/asm-util-3.2.jar:/Users/amilkowski/.m2/repository/asm/asm-all/3.2/asm-all-3.2.jar:/Users/amilkowski/.m2/repository/jsr166x/jsr166x/1.0/jsr166x-1.0.jar:/Users/amilkowski/.m2/repository/org/codehaus/aspectwerkz/aspectwerkz-nodeps-jdk5/2.2.1/aspectwerkz-nodeps-jdk5-2.2.1.jar:/Users/amilkowski/.m2/repository/org/apache/geronimo/specs/geronimo-jta_1.1_spec/1.1.1/geronimo-jta_1.1_spec-1.1.1.jar:/Users/amilkowski/.m2/repository/org/codehaus/aspectwerkz/aspectwerkz-jdk5/2.2.1/aspectwerkz-jdk5-2.2.1.jar:/Users/amilkowski/.m2/repository/org/jboss/netty/netty/3.2.1.Final/netty-3.2.1.Final.jar:/Users/amilkowski/.m2/repository/junit/junit/4.8.2/junit-4.8.2.jar:/Users/amilkowski/.m2/repository/org/slf4j/slf4j-api/1.6.1/slf4j-api-1.6.1.jar:/Users/amilkowski/.m2/repository/org/scala-lang/scala-compiler/2.8.0/scala-compiler-2.8.0.jar:"/>
    <property name="java.vm.specification.version" value="1.0"/>
    <property name="sun.arch.data.model" value="64"/>
    <property name="java.home" value="/System/Library/Frameworks/JavaVM.framework/Versions/1.6.0/Home"/>
    <property name="java.specification.vendor" value="Sun Microsystems Inc."/>
    <property name="user.language" value="en"/>
    <property name="awt.toolkit" value="apple.awt.CToolkit"/>
    <property name="java.vm.info" value="mixed mode"/>
    <property name="java.version" value="1.6.0_20"/>
    <property name="java.ext.dirs" value="/Library/Java/Extensions:/System/Library/Java/Extensions:/System/Library/Frameworks/JavaVM.framework/Versions/1.6.0/Home/lib/ext"/>
    <property name="sun.boot.class.path" value="/System/Library/Frameworks/JavaVM.framework/Versions/1.6.0/Classes/jsfd.jar:/System/Library/Frameworks/JavaVM.framework/Versions/1.6.0/Classes/classes.jar:/System/Library/Frameworks/JavaVM.framework/Frameworks/JavaRuntimeSupport.framework/Resources/Java/JavaRuntimeSupport.jar:/System/Library/Frameworks/JavaVM.framework/Versions/1.6.0/Classes/ui.jar:/System/Library/Frameworks/JavaVM.framework/Versions/1.6.0/Classes/laf.jar:/System/Library/Frameworks/JavaVM.framework/Versions/1.6.0/Classes/sunrsasign.jar:/System/Library/Frameworks/JavaVM.framework/Versions/1.6.0/Classes/jsse.jar:/System/Library/Frameworks/JavaVM.framework/Versions/1.6.0/Classes/jce.jar:/System/Library/Frameworks/JavaVM.framework/Versions/1.6.0/Classes/charsets.jar"/>
    <property name="java.vendor" value="Apple Inc."/>
    <property name="org.multiverse.MuliverseConstants.sanityChecks" value="false"/>
    <property name="localRepository" value="/Users/amilkowski/.m2/repository"/>
    <property name="file.separator" value="/"/>
    <property name="java.vendor.url.bug" value="http://bugreport.apple.com/"/>
    <property name="sun.cpu.endian" value="little"/>
    <property name="sun.io.unicode.encoding" value="UnicodeLittle"/>
    <property name="mrj.version" value="1060.1.6.0_20-279"/>
    <property name="socksNonProxyHosts" value="local|*.local|169.254/16|*.169.254/16"/>
    <property name="ftp.nonProxyHosts" value="local|*.local|169.254/16|*.169.254/16"/>
    <property name="sun.cpu.isalist" value=""/>
  </properties>
  <testcase time="0.009" classname="test storage should have no test elements stored" name="test storage should have no test elements stored"/>
  <testcase time="0" classname="test storage should insert test" name="test storage should insert test"/>
</testsuite>